<?xml version="1.0" encoding="UTF-8"?>
<testng-results skipped="0" failed="0" total="1" passed="1">
  <reporter-output>
  </reporter-output>
  <suite name="Default suite" duration-ms="35" started-at="2016-04-21T15:32:14Z" finished-at="2016-04-21T15:32:14Z">
    <groups>
    </groups>
    <test name="Default test" duration-ms="35" started-at="2016-04-21T15:32:14Z" finished-at="2016-04-21T15:32:14Z">
      <class name="edu.reporter.NewTestTwo">
        <test-method status="PASS" signature="beforeMethod()[pri:0, instance:edu.reporter.NewTestTwo@26a5f8]" name="beforeMethod" is-config="true" duration-ms="7" started-at="2016-04-21T11:32:14Z" finished-at="2016-04-21T11:32:14Z">
          <reporter-output>
          </reporter-output>
        </test-method> <!-- beforeMethod -->
        <test-method status="PASS" signature="TestThree()[pri:0, instance:edu.reporter.NewTestTwo@26a5f8]" name="TestThree" duration-ms="9" started-at="2016-04-21T11:32:14Z" finished-at="2016-04-21T11:32:14Z">
          <reporter-output>
          </reporter-output>
        </test-method> <!-- TestThree -->
        <test-method status="PASS" signature="afterMethod()[pri:0, instance:edu.reporter.NewTestTwo@26a5f8]" name="afterMethod" is-config="true" duration-ms="0" started-at="2016-04-21T11:32:14Z" finished-at="2016-04-21T11:32:14Z">
          <reporter-output>
          </reporter-output>
        </test-method> <!-- afterMethod -->
      </class> <!-- edu.reporter.NewTestTwo -->
    </test> <!-- Default test -->
  </suite> <!-- Default suite -->
</testng-results>
